 
[quiz funnel] Working in: C:\Code\LLC\Efficio\website 
[quiz funnel] Fetching latest... 
From https://github.com/vladigan/efficio-site
 * branch            main       -> FETCH_HEAD
[quiz funnel] About to commit: 
[quiz funnel] Committing... 
On branch main
Your branch is up to date with 'origin/main'.

Untracked files:
  (use "git add <file>..." to include in what will be committed)
	DEPLOY_QUIZ_FUNNEL.log
	DEPLOY_V4.bat
	DEPLOY_V5.log

nothing added to commit but untracked files present (use "git add" to track)
[quiz funnel] HEAD now: 
27f447ea6035d3ae261101a931fe64d00e572b09
27f447e
[quiz funnel] Pushing origin main... 
Everything up-to-date
[quiz funnel] SUCCESS. GitHub Pages will redeploy in 30-90s. 
